<?xml version="1.0" encoding="UTF-8"?>
<!-- Generated by org.testng.reporters.JUnitReportReporter -->
<testsuite skipped="0" hostname="DESKTOP-0JT4R6G" name="tests.SBP.DHL_APITest" tests="1" failures="0" timestamp="30 Aug 2021 09:24:15 GMT" time="8.309" errors="0">
  <testcase name="CREATE_incident_by_API" time="8.309" classname="tests.SBP.DHL_APITest"/>
</testsuite> <!-- tests.SBP.DHL_APITest -->
