<?xml version="1.0" encoding="UTF-8"?>
<!-- Generated by org.testng.reporters.JUnitReportReporter -->
<testsuite skipped="2" hostname="VUNGUYEN-PC" name="tests.SBP.DHL_Event" tests="3" failures="0" timestamp="26 Jul 2021 08:23:28 GMT" time="186.098" errors="1">
  <testcase name="verify_create_form" time="62.639" classname="tests.SBP.DHL_Event">
    <error type="java.lang.NullPointerException">
      <![CDATA[java.lang.NullPointerException
	at libraries.verificationFunctions.F_DHLVerification.verifyTemplateForm(F_DHLVerification.java:701)
	at tests.SBP.DHL_Event.verify_create_form(DHL_Event.java:65)
	at sun.reflect.NativeMethodAccessorImpl.invoke0(Native Method)
	at sun.reflect.NativeMethodAccessorImpl.invoke(NativeMethodAccessorImpl.java:62)
	at sun.reflect.DelegatingMethodAccessorImpl.invoke(DelegatingMethodAccessorImpl.java:43)
	at java.lang.reflect.Method.invoke(Method.java:498)
	at org.testng.internal.MethodInvocationHelper.invokeMethod(MethodInvocationHelper.java:108)
	at org.testng.internal.Invoker.invokeMethod(Invoker.java:661)
	at org.testng.internal.Invoker.retryFailed(Invoker.java:1014)
	at org.testng.internal.Invoker.invokeTestMethods(Invoker.java:1215)
	at org.testng.internal.TestMethodWorker.invokeTestMethods(TestMethodWorker.java:126)
	at org.testng.internal.TestMethodWorker.run(TestMethodWorker.java:109)
	at java.util.concurrent.ThreadPoolExecutor.runWorker(ThreadPoolExecutor.java:1149)
	at java.util.concurrent.ThreadPoolExecutor$Worker.run(ThreadPoolExecutor.java:624)
	at java.lang.Thread.run(Thread.java:748)
]]>
    </error>
  </testcase> <!-- verify_create_form -->
  <testcase name="verify_create_form" time="61.993" classname="tests.SBP.DHL_Event">
    <skipped/>
  </testcase> <!-- verify_create_form -->
  <testcase name="verify_create_form" time="61.466" classname="tests.SBP.DHL_Event">
    <skipped/>
  </testcase> <!-- verify_create_form -->
</testsuite> <!-- tests.SBP.DHL_Event -->
