<?xml version="1.0" encoding="UTF-8"?>
<!-- Generated by org.testng.reporters.JUnitReportReporter -->
<testsuite skipped="0" hostname="DESKTOP-0JT4R6G" name="tests.Sandbox.FacebookTestParallel" tests="2" failures="0" timestamp="05 Sep 2021 11:41:48 GMT" time="30.759" errors="0">
  <testcase name="LoginFacebook" time="14.316" classname="tests.Sandbox.FacebookTestParallel"/>
  <testcase name="LoginFacebook" time="16.443" classname="tests.Sandbox.FacebookTestParallel"/>
</testsuite> <!-- tests.Sandbox.FacebookTestParallel -->
